# Logfile created on 2017-06-03 01:04:37 -0400 by logger.rb/47272
I, [2017-06-03T01:04:37.068481 #4820]  INFO -- : 0:  rake (12.0.0) from /home/leester/.rbenv/versions/2.2.2/lib/ruby/gems/2.2.0/specifications/rake-12.0.0.gemspec
I, [2017-06-03T01:04:37.297167 #4820]  INFO -- : 0:  i18n (0.8.4) from /home/leester/.rbenv/versions/2.2.2/lib/ruby/gems/2.2.0/specifications/i18n-0.8.4.gemspec
I, [2017-06-03T01:04:37.298491 #4820]  INFO -- : 0:  json (1.8.6) from /home/leester/.rbenv/versions/2.2.2/lib/ruby/gems/2.2.0/specifications/json-1.8.6.gemspec
I, [2017-06-03T01:04:37.497803 #4820]  INFO -- : 0:  minitest (5.10.2) from /home/leester/.rbenv/versions/2.2.2/lib/ruby/gems/2.2.0/specifications/minitest-5.10.2.gemspec
I, [2017-06-03T01:04:37.701781 #4820]  INFO -- : 0:  thread_safe (0.3.6) from /home/leester/.rbenv/versions/2.2.2/lib/ruby/gems/2.2.0/specifications/thread_safe-0.3.6.gemspec
I, [2017-06-03T01:04:37.903529 #4820]  INFO -- : 0:  tzinfo (1.2.3) from /home/leester/.rbenv/versions/2.2.2/lib/ruby/gems/2.2.0/specifications/tzinfo-1.2.3.gemspec
I, [2017-06-03T01:04:38.283934 #4820]  INFO -- : 0:  activesupport (4.2.6) from /home/leester/.rbenv/versions/2.2.2/lib/ruby/gems/2.2.0/specifications/activesupport-4.2.6.gemspec
I, [2017-06-03T01:04:38.429487 #4820]  INFO -- : 0:  builder (3.2.3) from /home/leester/.rbenv/versions/2.2.2/lib/ruby/gems/2.2.0/specifications/builder-3.2.3.gemspec
I, [2017-06-03T01:04:38.735866 #4820]  INFO -- : 0:  erubis (2.7.0) from /home/leester/.rbenv/versions/2.2.2/lib/ruby/gems/2.2.0/specifications/erubis-2.7.0.gemspec
I, [2017-06-03T01:04:38.923697 #4820]  INFO -- : 0:  mini_portile2 (2.1.0) from /home/leester/.rbenv/versions/2.2.2/lib/ruby/gems/2.2.0/specifications/mini_portile2-2.1.0.gemspec
I, [2017-06-03T01:05:34.609083 #4820]  INFO -- : 0:  nokogiri (1.7.2) from /home/leester/.rbenv/versions/2.2.2/lib/ruby/gems/2.2.0/specifications/nokogiri-1.7.2.gemspec
I, [2017-06-03T01:05:34.765236 #4820]  INFO -- : 0:  rails-deprecated_sanitizer (1.0.3) from /home/leester/.rbenv/versions/2.2.2/lib/ruby/gems/2.2.0/specifications/rails-deprecated_sanitizer-1.0.3.gemspec
I, [2017-06-03T01:05:34.899728 #4820]  INFO -- : 0:  rails-dom-testing (1.0.8) from /home/leester/.rbenv/versions/2.2.2/lib/ruby/gems/2.2.0/specifications/rails-dom-testing-1.0.8.gemspec
I, [2017-06-03T01:05:35.080746 #4820]  INFO -- : 0:  loofah (2.0.3) from /home/leester/.rbenv/versions/2.2.2/lib/ruby/gems/2.2.0/specifications/loofah-2.0.3.gemspec
I, [2017-06-03T01:05:35.226027 #4820]  INFO -- : 0:  rails-html-sanitizer (1.0.3) from /home/leester/.rbenv/versions/2.2.2/lib/ruby/gems/2.2.0/specifications/rails-html-sanitizer-1.0.3.gemspec
I, [2017-06-03T01:05:35.549255 #4820]  INFO -- : 0:  actionview (4.2.6) from /home/leester/.rbenv/versions/2.2.2/lib/ruby/gems/2.2.0/specifications/actionview-4.2.6.gemspec
I, [2017-06-03T01:05:35.820347 #4820]  INFO -- : 0:  rack (1.6.8) from /home/leester/.rbenv/versions/2.2.2/lib/ruby/gems/2.2.0/specifications/rack-1.6.8.gemspec
I, [2017-06-03T01:05:35.964349 #4820]  INFO -- : 0:  rack-test (0.6.3) from /home/leester/.rbenv/versions/2.2.2/lib/ruby/gems/2.2.0/specifications/rack-test-0.6.3.gemspec
I, [2017-06-03T01:05:36.534655 #4820]  INFO -- : 0:  actionpack (4.2.6) from /home/leester/.rbenv/versions/2.2.2/lib/ruby/gems/2.2.0/specifications/actionpack-4.2.6.gemspec
I, [2017-06-03T01:05:36.669027 #4820]  INFO -- : 0:  globalid (0.4.0) from /home/leester/.rbenv/versions/2.2.2/lib/ruby/gems/2.2.0/specifications/globalid-0.4.0.gemspec
I, [2017-06-03T01:05:36.892160 #4820]  INFO -- : 0:  activejob (4.2.6) from /home/leester/.rbenv/versions/2.2.2/lib/ruby/gems/2.2.0/specifications/activejob-4.2.6.gemspec
I, [2017-06-03T01:05:37.070529 #4820]  INFO -- : 0:  mime-types-data (3.2016.0521) from /home/leester/.rbenv/versions/2.2.2/lib/ruby/gems/2.2.0/specifications/mime-types-data-3.2016.0521.gemspec
I, [2017-06-03T01:05:37.227412 #4820]  INFO -- : 0:  mime-types (3.1) from /home/leester/.rbenv/versions/2.2.2/lib/ruby/gems/2.2.0/specifications/mime-types-3.1.gemspec
I, [2017-06-03T01:05:37.506909 #4820]  INFO -- : 0:  mail (2.6.5) from /home/leester/.rbenv/versions/2.2.2/lib/ruby/gems/2.2.0/specifications/mail-2.6.5.gemspec
I, [2017-06-03T01:05:37.730004 #4820]  INFO -- : 0:  actionmailer (4.2.6) from /home/leester/.rbenv/versions/2.2.2/lib/ruby/gems/2.2.0/specifications/actionmailer-4.2.6.gemspec
I, [2017-06-03T01:05:37.963931 #4820]  INFO -- : 0:  activemodel (4.2.6) from /home/leester/.rbenv/versions/2.2.2/lib/ruby/gems/2.2.0/specifications/activemodel-4.2.6.gemspec
I, [2017-06-03T01:05:38.131868 #4820]  INFO -- : 0:  arel (6.0.4) from /home/leester/.rbenv/versions/2.2.2/lib/ruby/gems/2.2.0/specifications/arel-6.0.4.gemspec
I, [2017-06-03T01:05:38.503070 #4820]  INFO -- : 0:  activerecord (4.2.6) from /home/leester/.rbenv/versions/2.2.2/lib/ruby/gems/2.2.0/specifications/activerecord-4.2.6.gemspec
I, [2017-06-03T01:05:38.848542 #4820]  INFO -- : 0:  debug_inspector (0.0.3) from /home/leester/.rbenv/versions/2.2.2/lib/ruby/gems/2.2.0/specifications/debug_inspector-0.0.3.gemspec
I, [2017-06-03T01:05:39.306925 #4820]  INFO -- : 0:  binding_of_caller (0.7.2) from /home/leester/.rbenv/versions/2.2.2/lib/ruby/gems/2.2.0/specifications/binding_of_caller-0.7.2.gemspec
I, [2017-06-03T01:05:39.307456 #4820]  INFO -- : 0:  bundler (1.5.1) from /home/leester/.rbenv/versions/2.2.2/lib/ruby/gems/2.2.0/specifications/bundler-1.5.1.gemspec
I, [2017-06-03T01:05:40.600920 #4820]  INFO -- : 0:  byebug (9.0.6) from /home/leester/.rbenv/versions/2.2.2/lib/ruby/gems/2.2.0/specifications/byebug-9.0.6.gemspec
I, [2017-06-03T01:05:40.806737 #4820]  INFO -- : 0:  coffee-script-source (1.12.2) from /home/leester/.rbenv/versions/2.2.2/lib/ruby/gems/2.2.0/specifications/coffee-script-source-1.12.2.gemspec
I, [2017-06-03T01:05:40.952329 #4820]  INFO -- : 0:  execjs (2.7.0) from /home/leester/.rbenv/versions/2.2.2/lib/ruby/gems/2.2.0/specifications/execjs-2.7.0.gemspec
I, [2017-06-03T01:05:41.188317 #4820]  INFO -- : 0:  coffee-script (2.4.1) from /home/leester/.rbenv/versions/2.2.2/lib/ruby/gems/2.2.0/specifications/coffee-script-2.4.1.gemspec
I, [2017-06-03T01:05:41.363581 #4820]  INFO -- : 0:  thor (0.19.4) from /home/leester/.rbenv/versions/2.2.2/lib/ruby/gems/2.2.0/specifications/thor-0.19.4.gemspec
I, [2017-06-03T01:05:41.721394 #4820]  INFO -- : 0:  railties (4.2.6) from /home/leester/.rbenv/versions/2.2.2/lib/ruby/gems/2.2.0/specifications/railties-4.2.6.gemspec
I, [2017-06-03T01:05:41.833852 #4820]  INFO -- : 0:  coffee-rails (4.1.1) from /home/leester/.rbenv/versions/2.2.2/lib/ruby/gems/2.2.0/specifications/coffee-rails-4.1.1.gemspec
I, [2017-06-03T01:05:42.024343 #4820]  INFO -- : 0:  concurrent-ruby (1.0.5) from /home/leester/.rbenv/versions/2.2.2/lib/ruby/gems/2.2.0/specifications/concurrent-ruby-1.0.5.gemspec
I, [2017-06-03T01:05:42.158486 #4820]  INFO -- : 0:  multi_json (1.12.1) from /home/leester/.rbenv/versions/2.2.2/lib/ruby/gems/2.2.0/specifications/multi_json-1.12.1.gemspec
I, [2017-06-03T01:05:42.348442 #4820]  INFO -- : 0:  jbuilder (2.6.4) from /home/leester/.rbenv/versions/2.2.2/lib/ruby/gems/2.2.0/specifications/jbuilder-2.6.4.gemspec
I, [2017-06-03T01:05:42.615934 #4820]  INFO -- : 0:  jquery-rails (4.3.1) from /home/leester/.rbenv/versions/2.2.2/lib/ruby/gems/2.2.0/specifications/jquery-rails-4.3.1.gemspec
I, [2017-06-03T01:05:42.864021 #4820]  INFO -- : 0:  sprockets (3.7.1) from /home/leester/.rbenv/versions/2.2.2/lib/ruby/gems/2.2.0/specifications/sprockets-3.7.1.gemspec
I, [2017-06-03T01:05:43.040119 #4820]  INFO -- : 0:  sprockets-rails (3.2.0) from /home/leester/.rbenv/versions/2.2.2/lib/ruby/gems/2.2.0/specifications/sprockets-rails-3.2.0.gemspec
I, [2017-06-03T01:05:43.832142 #4820]  INFO -- : 0:  rails (4.2.6) from /home/leester/.rbenv/versions/2.2.2/lib/ruby/gems/2.2.0/specifications/rails-4.2.6.gemspec
I, [2017-06-03T01:05:44.318179 #4820]  INFO -- : 0:  rdoc (4.3.0) from /home/leester/.rbenv/versions/2.2.2/lib/ruby/gems/2.2.0/specifications/rdoc-4.3.0.gemspec
I, [2017-06-03T01:05:44.986954 #4820]  INFO -- : 0:  sass (3.4.24) from /home/leester/.rbenv/versions/2.2.2/lib/ruby/gems/2.2.0/specifications/sass-3.4.24.gemspec
I, [2017-06-03T01:05:45.198652 #4820]  INFO -- : 0:  tilt (2.0.7) from /home/leester/.rbenv/versions/2.2.2/lib/ruby/gems/2.2.0/specifications/tilt-2.0.7.gemspec
I, [2017-06-03T01:05:45.321207 #4820]  INFO -- : 0:  sass-rails (5.0.6) from /home/leester/.rbenv/versions/2.2.2/lib/ruby/gems/2.2.0/specifications/sass-rails-5.0.6.gemspec
I, [2017-06-03T01:05:45.583170 #4820]  INFO -- : 0:  sdoc (0.4.2) from /home/leester/.rbenv/versions/2.2.2/lib/ruby/gems/2.2.0/specifications/sdoc-0.4.2.gemspec
I, [2017-06-03T01:05:45.760297 #4820]  INFO -- : 0:  spring (2.0.2) from /home/leester/.rbenv/versions/2.2.2/lib/ruby/gems/2.2.0/specifications/spring-2.0.2.gemspec
I, [2017-06-03T01:05:50.086941 #4820]  INFO -- : 0:  sqlite3 (1.3.13) from /home/leester/.rbenv/versions/2.2.2/lib/ruby/gems/2.2.0/specifications/sqlite3-1.3.13.gemspec
I, [2017-06-03T01:05:50.319062 #4820]  INFO -- : 0:  turbolinks-source (5.0.3) from /home/leester/.rbenv/versions/2.2.2/lib/ruby/gems/2.2.0/specifications/turbolinks-source-5.0.3.gemspec
I, [2017-06-03T01:05:50.432973 #4820]  INFO -- : 0:  turbolinks (5.0.1) from /home/leester/.rbenv/versions/2.2.2/lib/ruby/gems/2.2.0/specifications/turbolinks-5.0.1.gemspec
I, [2017-06-03T01:05:50.655983 #4820]  INFO -- : 0:  uglifier (3.2.0) from /home/leester/.rbenv/versions/2.2.2/lib/ruby/gems/2.2.0/specifications/uglifier-3.2.0.gemspec
I, [2017-06-03T01:05:50.892336 #4820]  INFO -- : 0:  web-console (2.3.0) from /home/leester/.rbenv/versions/2.2.2/lib/ruby/gems/2.2.0/specifications/web-console-2.3.0.gemspec
